The service starting. IP is0.0.0.0/0.0.0.0:62454
The service starting. IP is0.0.0.0/0.0.0.0:62454
The service starting. IP is0.0.0.0/0.0.0.0:62454
client>b31bb341a64d8d61648454cd0ac4d45
after signature：-553b9c3f7e2187155ef4315e50c89200
after signature：417ff7f32140114e9ce7603743bdcf1f
after signature：5f4559501f1b8e7aef8b4185fe1855f9
after signature：-1d10278a1ef3a0a005132abf28f3f354
after signature：-2cf981d3005ef4eaf4f8b30168737e4d
after signature：b31bb341a64d8d61648454cd0ac4d45
verification sucessed
C:\omClient-1.0\configs.properties
sb:
callCmd execute finished
文件的长度为:1596887

开始接收文件!

文件接收了0%

文件接收了1%

文件接收了1%

文件接收了2%

文件接收了2%

文件接收了3%

文件接收了3%

文件接收了4%

文件接收了4%

文件接收了5%

文件接收了5%

文件接收了6%

文件接收了6%

文件接收了7%

文件接收了7%

文件接收了8%

文件接收了8%

文件接收了9%

文件接收了9%

文件接收了10%

文件接收了10%

文件接收了11%

文件接收了11%

文件接收了12%

文件接收了12%

文件接收了13%

文件接收了13%

文件接收了14%

文件接收了14%

文件接收了15%

文件接收了15%

文件接收了16%

文件接收了16%

文件接收了17%

文件接收了17%

文件接收了18%

文件接收了18%

文件接收了19%

文件接收了20%

文件接收了20%

文件接收了21%

文件接收了21%

文件接收了22%

文件接收了22%

文件接收了23%

文件接收了23%

文件接收了24%

文件接收了24%

文件接收了25%

文件接收了25%

文件接收了26%

文件接收了26%

文件接收了27%

文件接收了27%

文件接收了28%

文件接收了28%

文件接收了29%

文件接收了29%

文件接收了30%

文件接收了30%

文件接收了31%

文件接收了31%

文件接收了32%

文件接收了32%

文件接收了33%

文件接收了33%

文件接收了34%

文件接收了34%

文件接收了35%

文件接收了35%

文件接收了36%

文件接收了36%

文件接收了37%

文件接收了37%

文件接收了38%

文件接收了38%

文件接收了39%

文件接收了40%

文件接收了40%

文件接收了41%

文件接收了41%

文件接收了42%

文件接收了42%

文件接收了43%

文件接收了43%

文件接收了44%

文件接收了44%

文件接收了45%

文件接收了45%

文件接收了46%

文件接收了46%

文件接收了47%

文件接收了47%

文件接收了48%

文件接收了48%

文件接收了49%

文件接收了49%

文件接收了50%

文件接收了50%

文件接收了51%

文件接收了51%

文件接收了52%

文件接收了52%

文件接收了53%

文件接收了53%

文件接收了54%

文件接收了54%

文件接收了55%

文件接收了55%

文件接收了56%

文件接收了56%

文件接收了57%

文件接收了57%

文件接收了58%

文件接收了58%

文件接收了59%

文件接收了60%

文件接收了60%

文件接收了61%

文件接收了61%

文件接收了62%

文件接收了62%

文件接收了63%

文件接收了63%

文件接收了64%

文件接收了64%

文件接收了65%

文件接收了65%

文件接收了66%

文件接收了66%

文件接收了67%

文件接收了67%

文件接收了68%

文件接收了68%

文件接收了69%

文件接收了69%

文件接收了70%

文件接收了70%

文件接收了71%

文件接收了71%

文件接收了72%

文件接收了72%

文件接收了73%

文件接收了73%

文件接收了74%

文件接收了74%

文件接收了75%

文件接收了75%

文件接收了76%

文件接收了76%

文件接收了77%

文件接收了77%

文件接收了78%

文件接收了78%

文件接收了79%

文件接收了79%

文件接收了79%

文件接收了80%

文件接收了80%

文件接收了81%

文件接收了81%

文件接收了81%

文件接收了81%

文件接收了82%

文件接收了82%

文件接收了83%

文件接收了83%

文件接收了84%

文件接收了84%

文件接收了84%

文件接收了85%

文件接收了85%

文件接收了86%

文件接收了86%

文件接收了86%

文件接收了87%

文件接收了87%

文件接收了88%

文件接收了88%

文件接收了89%

文件接收了89%

文件接收了90%

文件接收了90%

文件接收了91%

文件接收了91%

文件接收了92%

文件接收了92%

文件接收了93%

文件接收了93%

文件接收了94%

文件接收了94%

文件接收了95%

文件接收了95%

文件接收了95%

文件接收了96%

文件接收了96%

文件接收了96%

文件接收了97%

文件接收了97%

文件接收了98%

文件接收了98%

文件接收了99%

文件接收了99%

文件接收了100%

接收完成，文件存为C:\omClient-1.0\omClient-1.0.jar

C:\omClient-1.0\omClientStart.bat
sb:
callCmd execute finished
写完发送执行结果之后 socket状态 false
client>364164815d5a643c5e0897dfc65de8be
after signature：-10c998280b0681b449c858116fde175
after signature：-445b96f19e451f5d42681f7ca5dd23c
after signature：69fb72a2f7a877a958ec669f2ff54f7e
after signature：-476292d00384d81c2610e5f408c98a02
after signature：5a6ce2135ae0afbff13126a404a9c2f8
after signature：364164815d5a643c5e0897dfc65de8be
verification sucessed
sb:
callCmd execute finished
文件的长度为:1596887

开始接收文件!

文件接收了0%

文件接收了1%

文件接收了1%

文件接收了2%

文件接收了2%

文件接收了3%

文件接收了3%

文件接收了4%

文件接收了4%

文件接收了5%

文件接收了5%

文件接收了6%

文件接收了6%

文件接收了7%

文件接收了7%

文件接收了8%

文件接收了8%

文件接收了9%

文件接收了9%

文件接收了10%

文件接收了10%

文件接收了10%

文件接收了11%

文件接收了11%

文件接收了12%

文件接收了12%

文件接收了13%

文件接收了13%

文件接收了14%

文件接收了14%

文件接收了14%

文件接收了15%

文件接收了15%

文件接收了16%

文件接收了16%

文件接收了17%

文件接收了17%

文件接收了18%

文件接收了18%

文件接收了19%

文件接收了19%

文件接收了20%

文件接收了20%

文件接收了21%

文件接收了21%

文件接收了22%

文件接收了22%

文件接收了23%

文件接收了23%

文件接收了24%

文件接收了24%

文件接收了25%

文件接收了25%

文件接收了26%

文件接收了26%

文件接收了27%

文件接收了27%

文件接收了28%

文件接收了28%

文件接收了29%

文件接收了30%

文件接收了30%

文件接收了31%

文件接收了31%

文件接收了32%

文件接收了32%

文件接收了33%

文件接收了33%

文件接收了34%

文件接收了34%

文件接收了34%

文件接收了35%

文件接收了35%

文件接收了36%

文件接收了36%

文件接收了36%

文件接收了37%

文件接收了37%

文件接收了38%

文件接收了38%

文件接收了38%

文件接收了39%

文件接收了39%

文件接收了39%

文件接收了40%

文件接收了40%

文件接收了41%

文件接收了41%

文件接收了42%

文件接收了42%

文件接收了43%

文件接收了43%

文件接收了44%

文件接收了44%

文件接收了45%

文件接收了45%

文件接收了45%

文件接收了46%

文件接收了46%

文件接收了46%

文件接收了47%

文件接收了47%

文件接收了47%

文件接收了48%

文件接收了48%

文件接收了49%

文件接收了49%

文件接收了50%

文件接收了50%

文件接收了50%

文件接收了50%

文件接收了50%

文件接收了51%

文件接收了51%

文件接收了52%

文件接收了52%

文件接收了52%

文件接收了53%

文件接收了53%

文件接收了54%

文件接收了54%

文件接收了55%

文件接收了55%

文件接收了56%

文件接收了56%

文件接收了56%

文件接收了57%

文件接收了57%

文件接收了58%

文件接收了58%

文件接收了59%

文件接收了59%

文件接收了59%

文件接收了60%

文件接收了60%

文件接收了61%

文件接收了61%

文件接收了62%

文件接收了62%

文件接收了63%

文件接收了63%

文件接收了63%

文件接收了64%

文件接收了64%

文件接收了64%

文件接收了65%

文件接收了65%

文件接收了66%

文件接收了66%

文件接收了67%

文件接收了67%

文件接收了68%

文件接收了68%

文件接收了69%

文件接收了69%

文件接收了70%

文件接收了70%

文件接收了71%

文件接收了71%

文件接收了72%

文件接收了72%

文件接收了73%

文件接收了73%

文件接收了74%

文件接收了74%

文件接收了75%

文件接收了75%

文件接收了75%

文件接收了76%

文件接收了76%

文件接收了77%

文件接收了77%

文件接收了77%

文件接收了78%

文件接收了78%

文件接收了79%

文件接收了79%

文件接收了79%

文件接收了80%

文件接收了80%

文件接收了80%

文件接收了81%

文件接收了81%

文件接收了81%

文件接收了81%

文件接收了82%

文件接收了82%

文件接收了83%

文件接收了83%

文件接收了83%

文件接收了83%

文件接收了84%

文件接收了84%

文件接收了85%

文件接收了85%

文件接收了85%

文件接收了86%

文件接收了86%

文件接收了86%

文件接收了87%

文件接收了87%

文件接收了88%

文件接收了88%

文件接收了88%

文件接收了89%

文件接收了89%

文件接收了89%

文件接收了90%

文件接收了90%

文件接收了90%

文件接收了90%

文件接收了91%

文件接收了91%

文件接收了92%

文件接收了92%

文件接收了92%

文件接收了92%

文件接收了93%

文件接收了93%

文件接收了93%

文件接收了94%

文件接收了94%

文件接收了94%

文件接收了94%

文件接收了95%

文件接收了95%

文件接收了96%

文件接收了96%

文件接收了97%

文件接收了97%

文件接收了97%

文件接收了97%

文件接收了97%

文件接收了98%

文件接收了98%

文件接收了98%

文件接收了99%

文件接收了99%

文件接收了99%

文件接收了100%

接收完成，文件存为C:\omClient-1.0\omClient-1.0.jar

C:\omClient-1.0\omClientStart.bat
sb:
callCmd execute finished
写完发送执行结果之后 socket状态 false
The service starting. IP is0.0.0.0/0.0.0.0:62454
client>69b2037eb2d6a00dcf7316ac1c91802b
after signature：3ba60a0a028c700abcf86313716d1c99
after signature：-4629bd7e72ec9319218508cadadf8118
after signature：-7814595e3392215b8d598431c2a39368
after signature：-7c082d72aa9bf2e50bf449346ebcdc34
after signature：df9c4bd4c81374d6a9e731244a0c3bd
after signature：133f91e95e803d9d669d2ff2ca4157c1
after signature：69b2037eb2d6a00dcf7316ac1c91802b
verification sucessed
C:\omClient-1.0\configs.properties
文件长度:253
client>133f91e95e803d9d669d2ff2ca4157c1
after signature：3ba60a0a028c700abcf86313716d1c99
after signature：-4629bd7e72ec9319218508cadadf8118
after signature：-7814595e3392215b8d598431c2a39368
after signature：-7c082d72aa9bf2e50bf449346ebcdc34
after signature：df9c4bd4c81374d6a9e731244a0c3bd
after signature：133f91e95e803d9d669d2ff2ca4157c1
verification sucessed
C:\omClient-1.0\configs.properties
sb:
callCmd execute finished
文件的长度为:1596887

开始接收文件!

文件接收了0%

文件接收了1%

文件接收了1%

文件接收了2%

文件接收了2%

文件接收了3%

文件接收了3%

文件接收了4%

文件接收了4%

文件接收了5%

文件接收了5%

文件接收了6%

文件接收了6%

文件接收了7%

文件接收了7%

文件接收了8%

文件接收了8%

文件接收了9%

文件接收了9%

文件接收了10%

文件接收了10%

文件接收了11%

文件接收了11%

文件接收了12%

文件接收了12%

文件接收了13%

文件接收了13%

文件接收了14%

文件接收了14%

文件接收了15%

文件接收了15%

文件接收了16%

文件接收了16%

文件接收了17%

文件接收了17%

文件接收了18%

文件接收了18%

文件接收了19%

文件接收了20%

文件接收了20%

文件接收了21%

文件接收了21%

文件接收了22%

文件接收了22%

文件接收了23%

文件接收了23%

文件接收了24%

文件接收了24%

文件接收了25%

文件接收了25%

文件接收了26%

文件接收了26%

文件接收了27%

文件接收了27%

文件接收了28%

文件接收了28%

文件接收了29%

文件接收了29%

文件接收了30%

文件接收了30%

文件接收了31%

文件接收了31%

文件接收了32%

文件接收了32%

文件接收了33%

文件接收了33%

文件接收了34%

文件接收了34%

文件接收了35%

文件接收了35%

文件接收了36%

文件接收了36%

文件接收了37%

文件接收了37%

文件接收了38%

文件接收了38%

文件接收了39%

文件接收了40%

文件接收了40%

文件接收了41%

文件接收了41%

文件接收了42%

文件接收了42%

文件接收了43%

文件接收了43%

文件接收了44%

文件接收了44%

文件接收了45%

文件接收了45%

文件接收了46%

文件接收了46%

文件接收了47%

文件接收了47%

文件接收了48%

文件接收了48%

文件接收了49%

文件接收了49%

文件接收了50%

文件接收了50%

文件接收了51%

文件接收了51%

文件接收了52%

文件接收了52%

文件接收了53%

文件接收了53%

文件接收了54%

文件接收了54%

文件接收了55%

文件接收了55%

文件接收了56%

文件接收了56%

文件接收了57%

文件接收了57%

文件接收了58%

文件接收了58%

文件接收了59%

文件接收了60%

文件接收了60%

文件接收了61%

文件接收了61%

文件接收了62%

文件接收了62%

文件接收了63%

文件接收了63%

文件接收了64%

文件接收了64%

文件接收了65%

文件接收了65%

文件接收了66%

文件接收了66%

文件接收了67%

文件接收了67%

文件接收了68%

文件接收了68%

文件接收了69%

文件接收了69%

文件接收了70%

文件接收了70%

文件接收了71%

文件接收了71%

文件接收了72%

文件接收了72%

文件接收了73%

文件接收了73%

文件接收了74%

文件接收了74%

文件接收了75%

文件接收了75%

文件接收了76%

文件接收了76%

文件接收了77%

文件接收了77%

文件接收了78%

文件接收了79%

文件接收了79%

文件接收了80%

文件接收了80%

文件接收了81%

文件接收了81%

文件接收了82%

文件接收了82%

文件接收了83%

文件接收了83%

文件接收了84%

文件接收了84%

文件接收了85%

文件接收了85%

文件接收了86%

文件接收了86%

文件接收了87%

文件接收了87%

文件接收了88%

文件接收了88%

文件接收了89%

文件接收了89%

文件接收了90%

文件接收了90%

文件接收了91%

文件接收了91%

文件接收了92%

文件接收了92%

文件接收了93%

文件接收了93%

文件接收了94%

文件接收了94%

文件接收了95%

文件接收了95%

文件接收了96%

文件接收了96%

文件接收了97%

文件接收了97%

文件接收了98%

文件接收了99%

文件接收了99%

文件接收了100%

接收完成，文件存为C:\omClient-1.0\omClient-1.0.jar

C:\omClient-1.0\omClientStart.bat
sb:
callCmd execute finished
写完发送执行结果之后 socket状态 false
client>69b2037eb2d6a00dcf7316ac1c91802b
after signature：3ba60a0a028c700abcf86313716d1c99
after signature：-4629bd7e72ec9319218508cadadf8118
after signature：-7814595e3392215b8d598431c2a39368
after signature：-7c082d72aa9bf2e50bf449346ebcdc34
after signature：df9c4bd4c81374d6a9e731244a0c3bd
after signature：133f91e95e803d9d669d2ff2ca4157c1
after signature：69b2037eb2d6a00dcf7316ac1c91802b
verification sucessed
文件长度:253
The service starting. IP is0.0.0.0/0.0.0.0:62454
The service starting. IP is0.0.0.0/0.0.0.0:62454
